Arguments: 
  /home/polo/.nvm/versions/node/v16.0.0/bin/node /home/polo/.nvm/versions/node/v16.0.0/bin/yarn init

PATH: 
  /home/deployment_tools/model_optimizer:/home/polo/.nvm/versions/node/v16.0.0/bin:/home/polo/.local/bin:/home/polo/.rvm/gems/ruby-3.0.0/bin:/home/polo/.rvm/gems/ruby-3.0.0@global/bin:/home/polo/.rvm/rubies/ruby-3.0.0/bin:/usr/local/sbin:/usr/local/bin:/usr/sbin:/usr/bin:/sbin:/bin:/usr/games:/usr/local/games:/snap/bin:/home/polo/.rvm/bin:/home/polo/.rvm/bin:/home/polo/.rvm/bin:/home/polo/Android/Sdk/emulator:/home/polo/Android/Sdk/tools:/home/polo/Android/Sdk/tools/bin:/home/polo/Android/Sdk/platform-tools:/home/polo/.rvm/bin

Yarn version: 
  1.22.17

Node version: 
  16.0.0

Platform: 
  linux x64

Trace: 
  Error: canceled
      at Interface.<anonymous> (/home/polo/.nvm/versions/node/v16.0.0/lib/node_modules/yarn/lib/cli.js:137143:13)
      at Interface.emit (node:events:365:28)
      at Interface._ttyWrite (node:readline:1007:16)
      at ReadStream.onkeypress (node:readline:271:10)
      at ReadStream.emit (node:events:365:28)
      at emitKeys (node:internal/readline/utils:358:14)
      at emitKeys.next (<anonymous>)
      at ReadStream.onData (node:readline:1281:36)
      at ReadStream.emit (node:events:365:28)
      at addChunk (node:internal/streams/readable:314:12)

npm manifest: 
  No manifest

yarn manifest: 
  No manifest

Lockfile: 
  No lockfile
